\BOOKMARK [0][-]{chapter*.1}{\315ndice general}{}% 1
\BOOKMARK [0][-]{chapter*.2}{\315ndice de figuras}{}% 2
\BOOKMARK [0][-]{chapter*.2}{\315ndice Algoritmos}{}% 3
\BOOKMARK [0][-]{chapter.1}{Introducci\363n}{}% 4
\BOOKMARK [1][-]{section.1.1}{Twitter}{chapter.1}% 5
\BOOKMARK [2][-]{subsection.1.1.1}{Trending topic}{section.1.1}% 6
\BOOKMARK [2][-]{subsection.1.1.2}{Twitter en Chile}{section.1.1}% 7
\BOOKMARK [1][-]{section.1.2}{AmorTv}{chapter.1}% 8
\BOOKMARK [0][-]{chapter.2}{Marco Te\363rico}{}% 9
\BOOKMARK [1][-]{section.2.1}{Visiones referente al gatekeeping}{chapter.2}% 10
\BOOKMARK [1][-]{section.2.2}{Twitter y su relaci\363n con el periodismo}{chapter.2}% 11
\BOOKMARK [0][-]{chapter.3}{Estado del Arte}{}% 12
\BOOKMARK [1][-]{section.3.1}{Estudios relacionados}{chapter.3}% 13
\BOOKMARK [2][-]{subsection.3.1.1}{Clasificaci\363n de tweets y usuarios de Twitter}{section.3.1}% 14
\BOOKMARK [3][-]{subsubsection.3.1.1.1}{Clasificaci\363n de usuarios}{subsection.3.1.1}% 15
\BOOKMARK [3][-]{subsubsection.3.1.1.2}{Ranking de enlaces compartidos en Twitter}{subsection.3.1.1}% 16
\BOOKMARK [3][-]{subsubsection.3.1.1.3}{Mecanismo de Ranking en Twitter como foro}{subsection.3.1.1}% 17
\BOOKMARK [3][-]{subsubsection.3.1.1.4}{Twitter para la recomedaci\363n de noticias}{subsection.3.1.1}% 18
\BOOKMARK [3][-]{subsubsection.3.1.1.5}{Clasificaci\363n de tweets orientada al usuario: Un enfoque de filtrado para microblogs}{subsection.3.1.1}% 19
\BOOKMARK [3][-]{subsubsection.3.1.1.6}{TURank: Clasificaci\363n del usuarios de Twitter basado en el an\341lisis de un grafo usuario-tweet}{subsection.3.1.1}% 20
\BOOKMARK [2][-]{subsection.3.1.2}{Geolocalizaci\363n de usuarios}{section.3.1}% 21
\BOOKMARK [1][-]{section.3.2}{Herramientas y plataformas relacionadas}{chapter.3}% 22
\BOOKMARK [2][-]{subsection.3.2.1}{Geofeedia}{section.3.2}% 23
\BOOKMARK [2][-]{subsection.3.2.2}{Paper.li}{section.3.2}% 24
\BOOKMARK [2][-]{subsection.3.2.3}{The Tweeted Times}{section.3.2}% 25
\BOOKMARK [2][-]{subsection.3.2.4}{FlipBoard}{section.3.2}% 26
\BOOKMARK [2][-]{subsection.3.2.5}{Summify}{section.3.2}% 27
\BOOKMARK [2][-]{subsection.3.2.6}{TwitterFall}{section.3.2}% 28
\BOOKMARK [2][-]{subsection.3.2.7}{Storyful}{section.3.2}% 29
\BOOKMARK [2][-]{subsection.3.2.8}{Wikipulse}{section.3.2}% 30
\BOOKMARK [3][-]{subsubsection.3.2.8.1}{Algoritmo de selecci\363n de noticias}{subsection.3.2.8}% 31
\BOOKMARK [3][-]{subsubsection.3.2.8.2}{An\341lisis de los datos}{subsection.3.2.8}% 32
\BOOKMARK [0][-]{chapter.4}{Definici\363n de la soluci\363n}{}% 33
\BOOKMARK [1][-]{section.4.1}{Objetivos}{chapter.4}% 34
\BOOKMARK [2][-]{subsection.4.1.1}{Objetivo principal}{section.4.1}% 35
\BOOKMARK [2][-]{subsection.4.1.2}{Objetivos Secundarios}{section.4.1}% 36
\BOOKMARK [0][-]{chapter.5}{Propuesta}{}% 37
\BOOKMARK [1][-]{section.5.1}{Arquitectura de la soluci\363n}{chapter.5}% 38
\BOOKMARK [1][-]{section.5.2}{Plataformas y herramientas utilizadas}{chapter.5}% 39
\BOOKMARK [1][-]{section.5.3}{Implementaci\363n del prototipo}{chapter.5}% 40
\BOOKMARK [1][-]{section.5.4}{Caracter\355sticas del servidor}{chapter.5}% 41
\BOOKMARK [1][-]{section.5.5}{Modelo de Datos}{chapter.5}% 42
\BOOKMARK [2][-]{subsection.5.5.1}{An\341lisis de la l\355nea editorial del medio objetivo}{section.5.5}% 43
\BOOKMARK [2][-]{subsection.5.5.2}{Geolocalizaci\363n de usuarios}{section.5.5}% 44
\BOOKMARK [3][-]{subsubsection.5.5.2.1}{Prueba valores distancia Levenshtein para identificar ubicaci\363n}{subsection.5.5.2}% 45
\BOOKMARK [2][-]{subsection.5.5.3}{Captaci\363n de usuarios}{section.5.5}% 46
\BOOKMARK [3][-]{subsubsection.5.5.3.1}{Captura de los medios de prensa \(MP\)}{subsection.5.5.3}% 47
\BOOKMARK [3][-]{subsubsection.5.5.3.2}{Captura followers de los medios de prensa \(FMP\)}{subsection.5.5.3}% 48
\BOOKMARK [2][-]{subsection.5.5.4}{Captura de tweets}{section.5.5}% 49
\BOOKMARK [2][-]{subsection.5.5.5}{Procesamiento de los tweets}{section.5.5}% 50
\BOOKMARK [3][-]{subsubsection.5.5.5.1}{Definici\363n del t\363pico}{subsection.5.5.5}% 51
\BOOKMARK [3][-]{subsubsection.5.5.5.2}{Obtenci\363n del conjunto de tweets relacionados al t\363pico}{subsection.5.5.5}% 52
\BOOKMARK [3][-]{subsubsection.5.5.5.3}{Depuraci\363n de conjunto de tweets relacionados al t\363pico}{subsection.5.5.5}% 53
\BOOKMARK [3][-]{subsubsection.5.5.5.4}{Orden geogr\341fico}{subsection.5.5.5}% 54
\BOOKMARK [3][-]{subsubsection.5.5.5.5}{Orden de relevancia}{subsection.5.5.5}% 55
\BOOKMARK [3][-]{subsubsection.5.5.5.6}{Panel de enlaces}{subsection.5.5.5}% 56
\BOOKMARK [3][-]{subsubsection.5.5.5.7}{ON/OFF Medios de prensa}{subsection.5.5.5}% 57
\BOOKMARK [0][-]{chapter.6}{Evaluaci\363n y discusi\363n}{}% 58
\BOOKMARK [1][-]{section.6.1}{Vistas del prototipo}{chapter.6}% 59
\BOOKMARK [1][-]{section.6.2}{Caracterizaci\363n de la poblaci\363n de datos capturados}{chapter.6}% 60
\BOOKMARK [1][-]{section.6.3}{Resultados}{chapter.6}% 61
\BOOKMARK [2][-]{subsection.6.3.1}{Referencias a noticias}{section.6.3}% 62
\BOOKMARK [3][-]{subsubsection.6.3.1.1}{Medio de prensa Modelo}{subsection.6.3.1}% 63
\BOOKMARK [3][-]{subsubsection.6.3.1.2}{Referencia a noticias}{subsection.6.3.1}% 64
\BOOKMARK [2][-]{subsection.6.3.2}{Casos de prueba: El aborto}{section.6.3}% 65
\BOOKMARK [3][-]{subsubsection.6.3.2.1}{Procesamiento del t\363pico}{subsection.6.3.2}% 66
\BOOKMARK [3][-]{subsubsection.6.3.2.2}{An\341lisis de muestra representativa}{subsection.6.3.2}% 67
\BOOKMARK [3][-]{subsubsection.6.3.2.3}{An\341lisis de contenido}{subsection.6.3.2}% 68
\BOOKMARK [3][-]{subsubsection.6.3.2.4}{An\341lisis temporal}{subsection.6.3.2}% 69
\BOOKMARK [3][-]{subsubsection.6.3.2.5}{An\341lisis de re-tweet}{subsection.6.3.2}% 70
\BOOKMARK [3][-]{subsubsection.6.3.2.6}{An\341lisis geogr\341fico}{subsection.6.3.2}% 71
\BOOKMARK [0][-]{chapter.7}{Conclusiones}{}% 72
\BOOKMARK [1][-]{section.7.1}{Conclusiones}{chapter.7}% 73
\BOOKMARK [1][-]{section.7.2}{Trabajo futuro}{chapter.7}% 74
\BOOKMARK [0][-]{chapter.8}{Anexo}{}% 75
\BOOKMARK [0][-]{chapter*.53}{Bibliograf\355a}{}% 76
